<?xml version="1.0" encoding="UTF-8"?>
<testng-results ignored="0" total="2" passed="2" failed="0" skipped="0">
  <reporter-output>
  </reporter-output>
  <suite started-at="2020-06-06T12:32:30Z" name="Default suite" finished-at="2020-06-06T12:34:22Z" duration-ms="111447">
    <groups>
      <group name="cucumber">
        <method signature="AbstractTestNGCucumberTests.feature(cucumber.api.testng.CucumberFeatureWrapper)[pri:0, instance:com.ether.runner.CucumberTestRunner@1807f5a7]" name="feature" class="cucumber.api.testng.AbstractTestNGCucumberTests"/>
      </group> <!-- cucumber -->
    </groups>
    <test started-at="2020-06-06T12:32:30Z" name="Default test" finished-at="2020-06-06T12:34:22Z" duration-ms="111447">
      <class name="com.ether.runner.CucumberTestRunner">
        <test-method is-config="true" signature="setUpClass()[pri:0, instance:com.ether.runner.CucumberTestRunner@1807f5a7]" started-at="2020-06-06T12:32:30Z" name="setUpClass" finished-at="2020-06-06T12:32:30Z" duration-ms="269" status="PASS">
          <reporter-output>
          </reporter-output>
        </test-method> <!-- setUpClass -->
        <test-method is-config="true" signature="setup()[pri:0, instance:com.ether.runner.CucumberTestRunner@1807f5a7]" started-at="2020-06-06T12:32:30Z" name="setup" finished-at="2020-06-06T12:32:31Z" duration-ms="197" status="PASS">
          <reporter-output>
          </reporter-output>
        </test-method> <!-- setup -->
        <test-method signature="feature(cucumber.api.testng.CucumberFeatureWrapper)[pri:0, instance:com.ether.runner.CucumberTestRunner@1807f5a7]" started-at="2020-06-06T12:32:31Z" name="feature" description="Runs Cucumber Feature" data-provider="features" finished-at="2020-06-06T12:32:58Z" duration-ms="27199" status="PASS">
          <params>
            <param index="0">
              <value>
                <![CDATA[Schedule an appointment to bank URL]]>
              </value>
            </param>
          </params>
          <reporter-output>
          </reporter-output>
        </test-method> <!-- feature -->
        <test-method signature="feature(cucumber.api.testng.CucumberFeatureWrapper)[pri:0, instance:com.ether.runner.CucumberTestRunner@1807f5a7]" started-at="2020-06-06T12:32:58Z" name="feature" description="Runs Cucumber Feature" data-provider="features" finished-at="2020-06-06T12:34:22Z" duration-ms="83619" status="PASS">
          <params>
            <param index="0">
              <value>
                <![CDATA[Logout to bank URL]]>
              </value>
            </param>
          </params>
          <reporter-output>
          </reporter-output>
        </test-method> <!-- feature -->
        <test-method is-config="true" signature="tearDownClass()[pri:0, instance:com.ether.runner.CucumberTestRunner@1807f5a7]" started-at="2020-06-06T12:34:22Z" name="tearDownClass" finished-at="2020-06-06T12:34:22Z" duration-ms="52" status="PASS">
          <reporter-output>
          </reporter-output>
        </test-method> <!-- tearDownClass -->
      </class> <!-- com.ether.runner.CucumberTestRunner -->
    </test> <!-- Default test -->
  </suite> <!-- Default suite -->
</testng-results>
